<?xml version="1.0" encoding="UTF-8"?>
<!-- Generated by org.testng.reporters.JUnitXMLReporter -->
<testsuite ignored="0" hostname="Suyasha_Masand" failures="0" tests="3" name="Test2" time="1.415" errors="0" timestamp="2024-01-23T15:29:15 IST">
  <testcase classname="com.TestNG.checksuiteXMLFile2Test" name="test4" time="0.001"/>
  <testcase classname="com.TestNG.checksuiteXMLFile2Test" name="test5" time="0.0"/>
  <testcase classname="com.TestNG.checksuiteXMLFile2Test" name="test6" time="0.002"/>
</testsuite> <!-- Test2 -->
