<?xml version="1.0" encoding="UTF-8"?>
<!-- Generated by org.testng.reporters.JUnitXMLReporter -->
<testsuite ignored="0" hostname="Suyasha_Masand" failures="0" tests="3" name="Test1" time="2.712" errors="0" timestamp="2024-01-23T15:29:14 IST">
  <testcase classname="com.TestNG.CheckSuiteXMLFiletest" name="test1" time="0.006"/>
  <testcase classname="com.TestNG.CheckSuiteXMLFiletest" name="test2" time="0.001"/>
  <testcase classname="com.TestNG.CheckSuiteXMLFiletest" name="test3" time="0.001"/>
</testsuite> <!-- Test1 -->
