<?xml version="1.0" encoding="UTF-8"?>
<!-- Generated by org.testng.reporters.JUnitXMLReporter -->
<testsuite ignored="2" hostname="Suyasha_Masand" failures="0" tests="6" name="Test" time="2.594" errors="0" timestamp="2024-01-23T15:26:14 IST">
  <testcase classname="com.TestNG.CheckSuiteXMLFiletest" name="test1" time="0.006"/>
  <testcase classname="com.TestNG.CheckSuiteXMLFiletest" name="test2" time="0.002"/>
  <testcase classname="com.TestNG.checksuiteXMLFile2Test" name="test4" time="0.015"/>
  <testcase classname="com.TestNG.CheckSuiteXMLFiletest" name="test3" time="0.003"/>
  <testcase classname="com.TestNG.checksuiteXMLFile2Test" name="test5" time="0.002"/>
  <testcase classname="com.TestNG.checksuiteXMLFile2Test" name="test6" time="0.002"/>
  <testcase classname="Com.genericUtility.BaseClass" name="@BeforeSuite configDB" time="0.0">
    <ignored/>
  </testcase> <!-- @BeforeSuite configDB -->
  <testcase classname="Com.genericUtility.BaseClass" name="@AfterSuite configAS" time="0.0">
    <ignored/>
  </testcase> <!-- @AfterSuite configAS -->
</testsuite> <!-- Test -->
