<?xml version="1.0" encoding="UTF-8"?>
<testng-results ignored="0" total="1" passed="1" failed="0" skipped="0">
  <reporter-output>
  </reporter-output>
  <suite started-at="2024-01-24T10:13:56 IST" name="Default suite" finished-at="2024-01-24T10:14:36 IST" duration-ms="40940">
    <groups>
    </groups>
    <test started-at="2024-01-24T10:13:56 IST" name="Default test" finished-at="2024-01-24T10:14:36 IST" duration-ms="40940">
      <class name="Assignment.IRCTC_AssignmentTest">
        <test-method signature="IrctcAssignment()[pri:0, instance:Assignment.IRCTC_AssignmentTest@618b19ad]" started-at="2024-01-24T10:13:56 IST" name="IrctcAssignment" finished-at="2024-01-24T10:14:36 IST" duration-ms="40890" status="PASS">
          <reporter-output>
          </reporter-output>
        </test-method> <!-- IrctcAssignment -->
      </class> <!-- Assignment.IRCTC_AssignmentTest -->
    </test> <!-- Default test -->
  </suite> <!-- Default suite -->
</testng-results>
